# JRE version: OpenJDK Runtime Environment (11.0.15) (build 11.0.15+0-b2043.56-9505619)
# Java VM: OpenJDK 64-Bit Server VM (11.0.15+0-b2043.56-9505619, mixed mode, tiered, compressed oops, g1 gc, windows-amd64)
Heap:
 garbage-first heap   total 189440K, used 77497K [0x0000000080000000, 0x0000000100000000)
  region size 1024K, 25 young (25600K), 6 survivors (6144K)
 Metaspace       used 43028K, capacity 44195K, committed 44496K, reserved 1091584K
  class space    used 5484K, capacity 5894K, committed 6016K, reserved 1048576K
GC Heap History (18 events):
Event: 0.562 GC heap before
{Heap before GC invocations=0 (full 0):
 garbage-first heap   total 131072K, used 16384K [0x0000000080000000, 0x0000000100000000)
  region size 1024K, 14 young (14336K), 0 survivors (0K)
 Metaspace       used 6756K, capacity 6993K, committed 7168K, reserved 1056768K
  class space    used 571K, capacity 650K, committed 768K, reserved 1048576K
}
Event: 0.566 GC heap after
{Heap after GC invocations=1 (full 0):
 garbage-first heap   total 131072K, used 4341K [0x0000000080000000, 0x0000000100000000)
  region size 1024K, 2 young (2048K), 2 survivors (2048K)
 Metaspace       used 6756K, capacity 6993K, committed 7168K, reserved 1056768K
  class space    used 571K, capacity 650K, committed 768K, reserved 1048576K
}
Event: 0.919 GC heap before
{Heap before GC invocations=1 (full 0):
 garbage-first heap   total 131072K, used 19701K [0x0000000080000000, 0x0000000100000000)
  region size 1024K, 14 young (14336K), 2 survivors (2048K)
 Metaspace       used 10287K, capacity 10499K, committed 10624K, reserved 1058816K
  class space    used 1054K, capacity 1141K, committed 1152K, reserved 1048576K
}
Event: 0.923 GC heap after
{Heap after GC invocations=2 (full 0):
 garbage-first heap   total 131072K, used 9657K [0x0000000080000000, 0x0000000100000000)
  region size 1024K, 2 young (2048K), 2 survivors (2048K)
 Metaspace       used 10287K, capacity 10499K, committed 10624K, reserved 1058816K
  class space    used 1054K, capacity 1141K, committed 1152K, reserved 1048576K
}
Event: 1.595 GC heap before
{Heap before GC invocations=2 (full 0):
 garbage-first heap   total 131072K, used 39353K [0x0000000080000000, 0x0000000100000000)
  region size 1024K, 30 young (30720K), 2 survivors (2048K)
 Metaspace       used 11320K, capacity 11518K, committed 11776K, reserved 1060864K
  class space    used 1155K, capacity 1246K, committed 1280K, reserved 1048576K
}
Event: 1.599 GC heap after
{Heap after GC invocations=3 (full 0):
 garbage-first heap   total 131072K, used 13563K [0x0000000080000000, 0x0000000100000000)
  region size 1024K, 4 young (4096K), 4 survivors (4096K)
 Metaspace       used 11320K, capacity 11518K, committed 11776K, reserved 1060864K
  class space    used 1155K, capacity 1246K, committed 1280K, reserved 1048576K
}
Event: 3.030 GC heap before
{Heap before GC invocations=3 (full 0):
 garbage-first heap   total 131072K, used 55547K [0x0000000080000000, 0x0000000100000000)
  region size 1024K, 45 young (46080K), 4 survivors (4096K)
 Metaspace       used 18216K, capacity 18606K, committed 18688K, reserved 1064960K
  class space    used 2122K, capacity 2260K, committed 2304K, reserved 1048576K
}
Event: 3.038 GC heap after
{Heap after GC invocations=4 (full 0):
 garbage-first heap   total 131072K, used 16992K [0x0000000080000000, 0x0000000100000000)
  region size 1024K, 6 young (6144K), 6 survivors (6144K)
 Metaspace       used 18216K, capacity 18606K, committed 18688K, reserved 1064960K
  class space    used 2122K, capacity 2260K, committed 2304K, reserved 1048576K
}
Event: 3.323 GC heap before
{Heap before GC invocations=4 (full 0):
 garbage-first heap   total 131072K, used 36448K [0x0000000080000000, 0x0000000100000000)
  region size 1024K, 26 young (26624K), 6 survivors (6144K)
 Metaspace       used 20730K, capacity 21132K, committed 21296K, reserved 1069056K
  class space    used 2491K, capacity 2635K, committed 2688K, reserved 1048576K
}
Event: 3.330 GC heap after
{Heap after GC invocations=5 (full 0):
 garbage-first heap   total 157696K, used 17851K [0x0000000080000000, 0x0000000100000000)
  region size 1024K, 5 young (5120K), 5 survivors (5120K)
 Metaspace       used 20730K, capacity 21132K, committed 21296K, reserved 1069056K
  class space    used 2491K, capacity 2635K, committed 2688K, reserved 1048576K
}
Event: 4.186 GC heap before
{Heap before GC invocations=6 (full 0):
 garbage-first heap   total 157696K, used 73147K [0x0000000080000000, 0x0000000100000000)
  region size 1024K, 60 young (61440K), 5 survivors (5120K)
 Metaspace       used 26368K, capacity 27007K, committed 27184K, reserved 1073152K
  class space    used 3420K, capacity 3665K, committed 3712K, reserved 1048576K
}
Event: 4.195 GC heap after
{Heap after GC invocations=7 (full 0):
 garbage-first heap   total 157696K, used 19938K [0x0000000080000000, 0x0000000100000000)
  region size 1024K, 3 young (3072K), 3 survivors (3072K)
 Metaspace       used 26368K, capacity 27007K, committed 27184K, reserved 1073152K
  class space    used 3420K, capacity 3665K, committed 3712K, reserved 1048576K
}
Event: 6.117 GC heap before
{Heap before GC invocations=7 (full 0):
 garbage-first heap   total 157696K, used 118242K [0x0000000080000000, 0x0000000100000000)
  region size 1024K, 73 young (74752K), 3 survivors (3072K)
 Metaspace       used 32598K, capacity 33595K, committed 33712K, reserved 1079296K
  class space    used 4395K, capacity 4753K, committed 4864K, reserved 1048576K
}
Event: 6.127 GC heap after
{Heap after GC invocations=8 (full 0):
 garbage-first heap   total 157696K, used 52605K [0x0000000080000000, 0x0000000100000000)
  region size 1024K, 8 young (8192K), 8 survivors (8192K)
 Metaspace       used 32598K, capacity 33595K, committed 33712K, reserved 1079296K
  class space    used 4395K, capacity 4753K, committed 4864K, reserved 1048576K
}
Event: 6.640 GC heap before
{Heap before GC invocations=8 (full 0):
 garbage-first heap   total 157696K, used 64893K [0x0000000080000000, 0x0000000100000000)
  region size 1024K, 21 young (21504K), 8 survivors (8192K)
 Metaspace       used 34821K, capacity 35838K, committed 35920K, reserved 1081344K
  class space    used 4673K, capacity 5075K, committed 5120K, reserved 1048576K
}
Event: 6.654 GC heap after
{Heap after GC invocations=9 (full 0):
 garbage-first heap   total 157696K, used 54774K [0x0000000080000000, 0x0000000100000000)
  region size 1024K, 2 young (2048K), 2 survivors (2048K)
 Metaspace       used 34821K, capacity 35838K, committed 35920K, reserved 1081344K
  class space    used 4673K, capacity 5075K, committed 5120K, reserved 1048576K
}
Event: 8.567 GC heap before
{Heap before GC invocations=10 (full 0):
 garbage-first heap   total 157696K, used 106998K [0x0000000080000000, 0x0000000100000000)
  region size 1024K, 50 young (51200K), 2 survivors (2048K)
 Metaspace       used 41627K, capacity 42783K, committed 42960K, reserved 1087488K
  class space    used 5259K, capacity 5679K, committed 5760K, reserved 1048576K
}
Event: 8.579 GC heap after
{Heap after GC invocations=11 (full 0):
 garbage-first heap   total 189440K, used 59065K [0x0000000080000000, 0x0000000100000000)
  region size 1024K, 6 young (6144K), 6 survivors (6144K)
 Metaspace       used 41627K, capacity 42783K, committed 42960K, reserved 1087488K
  class space    used 5259K, capacity 5679K, committed 5760K, reserved 1048576K
}

